
> rest-express@1.0.0 dev
> NODE_ENV=development npx tsx server/index.ts

sqlite: creating users table
sqlite: creating user_sessions table
sqlite: creating messages table
sqlite: creating sessions table
sqlite: creating usage_patterns table
sqlite: creating ai_updates table
sqlite: creating suggestion_updates table
sqlite: creating daily_suggestions table
sqlite: creating voice_consent table
sqlite: creating oauth_tokens table
sqlite: creating memory_summaries table
sqlite: creating youtube_knowledge_base table
sqlite: creating indexes
SQLite database initialized at: /home/tonylama/Downloads/Milla-Rayne/milla-rayne-20251102T001201Z-1-001/milla-rayne/Milla-Rayne/memory/milla.db (encryption: disabled)
[dotenv@17.2.3] injecting env (27) from .env -- tip: 📡 add observability to secrets: https://dotenvx.com/ops
Loading config.ts
[dotenv@17.2.3] injecting env (0) from .env -- tip: 🔄 add secrets lifecycle management: https://dotenvx.com/ops
Initializing Memory Core system...
Loading Memory Core from memories.txt as primary source...
Successfully loaded Memory Core from memories.txt: 8334 entries
Memory Core loaded from memories.txt latency: 1078ms
Memory Core initialized successfully
User tasks system initialized
Personal task system initialized
Initializing Server Self-Evolution Engine...
Performance baseline established: {
  responseTime: 2,
  memoryUsage: 0.6078366152208622,
  cpuUsage: 0.2545072042522535,
  successRate: 0.95,
  throughput: 100,
  errorRate: 0.02
}
Server Self-Evolution Engine initialized successfully
Enhancement task system initialized
Daily suggestions scheduler: Enabled with schedule: 0 9 * * *
Daily suggestions: Next run scheduled for 11/8/2025, 9:00:00 AM
Scheduling AI updates with cron expression: 0 9 * * *
AI updates scheduler initialized successfully
Enhancement task system initialized
Memory summarization disabled (ENABLE_MEMORY_SUMMARIZATION not set to true)
9:45:01 AM [express] serving on port 5000
